[{"line":1,"elements":[{"start_timestamp":"2023-06-04T14:51:35.574Z","before":[{"result":{"duration":1452326200,"status":"passed"},"match":{"location":"pro.edusoft.cucumber.steps.Steps.setup()"}}],"line":14,"name":"Failed Login","description":"","id":"login-functionality;failed-login;;2","after":[{"result":{"duration":182520100,"status":"passed"},"match":{"location":"pro.edusoft.cucumber.steps.Steps.terminate()"}}],"type":"scenario","keyword":"Scenario Outline","steps":[{"result":{"duration":3923403100,"status":"passed"},"line":8,"name":"I am in login page of Para Bank Application","match":{"location":"pro.edusoft.cucumber.steps.Steps.i_am_in_login_page_of_para_bank_application()"},"keyword":"Given "},{"result":{"duration":389747500,"status":"passed"},"line":9,"name":"I enter valid \"root\" and \"root\" with \"root\"","match":{"arguments":[{"val":"\"root\"","offset":14},{"val":"\"root\"","offset":25},{"val":"\"root\"","offset":37}],"location":"pro.edusoft.cucumber.steps.Steps.i_enter_valid_credentials(java.lang.String,java.lang.String,java.lang.String)"},"keyword":"When "},{"result":{"error_message":"org.openqa.selenium.NoSuchElementException: no such element: Unable to locate element: {\"method\":\"css selector\",\"selector\":\".smallText\"}\n  (Session info: chrome=114.0.5735.91)\nFor documentation on this error, please visit: https://selenium.dev/exceptions/#no_such_element\nBuild info: version: '4.9.1', revision: 'eb2032df7f'\nSystem info: os.name: 'Windows 11', os.arch: 'amd64', os.version: '10.0', java.version: '17.0.6'\nDriver info: org.openqa.selenium.chrome.ChromeDriver\nCommand: [e7f2a615c01dba5b883a2bf578e5d63a, findElement {using=class name, value=smallText}]\nCapabilities {acceptInsecureCerts: false, browserName: chrome, browserVersion: 114.0.5735.91, chrome: {chromedriverVersion: 114.0.5735.90 (386bc09e8f4f..., userDataDir: C:\\Users\\abala\\AppData\\Loca...}, goog:chromeOptions: {debuggerAddress: localhost:54891}, networkConnectionEnabled: false, pageLoadStrategy: normal, platformName: windows, proxy: Proxy(), se:cdp: ws://localhost:54891/devtoo..., se:cdpVersion: 114.0.5735.91, setWindowRect: true, strictFileInteractability: false, timeouts: {implicit: 0, pageLoad: 300000, script: 30000}, unhandledPromptBehavior: dismiss and notify, webauthn:extension:credBlob: true, webauthn:extension:largeBlob: true, webauthn:extension:minPinLength: true, webauthn:extension:prf: true, webauthn:virtualAuthenticators: true}\nSession ID: e7f2a615c01dba5b883a2bf578e5d63a\r\n\tat java.base/jdk.internal.reflect.NativeConstructorAccessorImpl.newInstance0(Native Method)\r\n\tat java.base/jdk.internal.reflect.NativeConstructorAccessorImpl.newInstance(NativeConstructorAccessorImpl.java:77)\r\n\tat java.base/jdk.internal.reflect.DelegatingConstructorAccessorImpl.newInstance(DelegatingConstructorAccessorImpl.java:45)\r\n\tat java.base/java.lang.reflect.Constructor.newInstanceWithCaller(Constructor.java:499)\r\n\tat java.base/java.lang.reflect.Constructor.newInstance(Constructor.java:480)\r\n\tat org.openqa.selenium.remote.codec.w3c.W3CHttpResponseCodec.createException(W3CHttpResponseCodec.java:200)\r\n\tat org.openqa.selenium.remote.codec.w3c.W3CHttpResponseCodec.decode(W3CHttpResponseCodec.java:133)\r\n\tat org.openqa.selenium.remote.codec.w3c.W3CHttpResponseCodec.decode(W3CHttpResponseCodec.java:53)\r\n\tat org.openqa.selenium.remote.HttpCommandExecutor.execute(HttpCommandExecutor.java:193)\r\n\tat org.openqa.selenium.remote.service.DriverCommandExecutor.invokeExecute(DriverCommandExecutor.java:183)\r\n\tat org.openqa.selenium.remote.service.DriverCommandExecutor.execute(DriverCommandExecutor.java:158)\r\n\tat org.openqa.selenium.remote.RemoteWebDriver.execute(RemoteWebDriver.java:543)\r\n\tat org.openqa.selenium.remote.ElementLocation$ElementFinder$2.findElement(ElementLocation.java:162)\r\n\tat org.openqa.selenium.remote.ElementLocation.findElement(ElementLocation.java:66)\r\n\tat org.openqa.selenium.remote.RemoteWebDriver.findElement(RemoteWebDriver.java:352)\r\n\tat org.openqa.selenium.remote.RemoteWebDriver.findElement(RemoteWebDriver.java:344)\r\n\tat pro.edusoft.cucumber.steps.Steps.i_should_be_taken_to_overview_page(Steps.java:48)\r\n\tat ✽.I should be taken to Overview page(file:///C:/Users/abala/eclipse-workspace/cucumber/src/test/resources/LoginFail.feature:10)\r\n","duration":128263600,"status":"failed"},"line":10,"name":"I should be taken to Overview page","match":{"location":"pro.edusoft.cucumber.steps.Steps.i_should_be_taken_to_overview_page()"},"keyword":"Then "}]}],"name":"Login Functionality","description":"  In order to do Internet Banking\n  As a valid Para Bank customer\n  I want to login\tsuccessfuly","id":"login-functionality","keyword":"Feature","uri":"file:src/test/resources/LoginFail.feature","tags":[]},{"line":1,"elements":[{"start_timestamp":"2023-06-04T14:51:41.692Z","before":[{"result":{"duration":666093800,"status":"passed"},"match":{"location":"pro.edusoft.cucumber.steps.Steps.setup()"}}],"line":19,"name":"Successful Login","description":"","id":"login-functionality;successful-login;;2","after":[{"result":{"duration":130644300,"status":"passed"},"match":{"location":"pro.edusoft.cucumber.steps.Steps.terminate()"}}],"type":"scenario","keyword":"Scenario Outline","steps":[{"result":{"duration":2507082400,"status":"passed"},"line":13,"name":"I am in login page of Para Bank Application","match":{"location":"pro.edusoft.cucumber.steps.Steps.i_am_in_login_page_of_para_bank_application()"},"keyword":"Given "},{"result":{"duration":492289600,"status":"passed"},"line":14,"name":"I enter valid \"admin\" and \"admin\" with \"admin\"","match":{"arguments":[{"val":"\"admin\"","offset":14},{"val":"\"admin\"","offset":26},{"val":"\"admin\"","offset":39}],"location":"pro.edusoft.cucumber.steps.Steps.i_enter_valid_credentials(java.lang.String,java.lang.String,java.lang.String)"},"keyword":"When "},{"result":{"error_message":"org.openqa.selenium.NoSuchElementException: no such element: Unable to locate element: {\"method\":\"css selector\",\"selector\":\".smallText\"}\n  (Session info: chrome=114.0.5735.91)\nFor documentation on this error, please visit: https://selenium.dev/exceptions/#no_such_element\nBuild info: version: '4.9.1', revision: 'eb2032df7f'\nSystem info: os.name: 'Windows 11', os.arch: 'amd64', os.version: '10.0', java.version: '17.0.6'\nDriver info: org.openqa.selenium.chrome.ChromeDriver\nCommand: [23f785c32a1897e7f917dc84ed98622b, findElement {using=class name, value=smallText}]\nCapabilities {acceptInsecureCerts: false, browserName: chrome, browserVersion: 114.0.5735.91, chrome: {chromedriverVersion: 114.0.5735.90 (386bc09e8f4f..., userDataDir: C:\\Users\\abala\\AppData\\Loca...}, goog:chromeOptions: {debuggerAddress: localhost:54907}, networkConnectionEnabled: false, pageLoadStrategy: normal, platformName: windows, proxy: Proxy(), se:cdp: ws://localhost:54907/devtoo..., se:cdpVersion: 114.0.5735.91, setWindowRect: true, strictFileInteractability: false, timeouts: {implicit: 0, pageLoad: 300000, script: 30000}, unhandledPromptBehavior: dismiss and notify, webauthn:extension:credBlob: true, webauthn:extension:largeBlob: true, webauthn:extension:minPinLength: true, webauthn:extension:prf: true, webauthn:virtualAuthenticators: true}\nSession ID: 23f785c32a1897e7f917dc84ed98622b\r\n\tat java.base/jdk.internal.reflect.NativeConstructorAccessorImpl.newInstance0(Native Method)\r\n\tat java.base/jdk.internal.reflect.NativeConstructorAccessorImpl.newInstance(NativeConstructorAccessorImpl.java:77)\r\n\tat java.base/jdk.internal.reflect.DelegatingConstructorAccessorImpl.newInstance(DelegatingConstructorAccessorImpl.java:45)\r\n\tat java.base/java.lang.reflect.Constructor.newInstanceWithCaller(Constructor.java:499)\r\n\tat java.base/java.lang.reflect.Constructor.newInstance(Constructor.java:480)\r\n\tat org.openqa.selenium.remote.codec.w3c.W3CHttpResponseCodec.createException(W3CHttpResponseCodec.java:200)\r\n\tat org.openqa.selenium.remote.codec.w3c.W3CHttpResponseCodec.decode(W3CHttpResponseCodec.java:133)\r\n\tat org.openqa.selenium.remote.codec.w3c.W3CHttpResponseCodec.decode(W3CHttpResponseCodec.java:53)\r\n\tat org.openqa.selenium.remote.HttpCommandExecutor.execute(HttpCommandExecutor.java:193)\r\n\tat org.openqa.selenium.remote.service.DriverCommandExecutor.invokeExecute(DriverCommandExecutor.java:183)\r\n\tat org.openqa.selenium.remote.service.DriverCommandExecutor.execute(DriverCommandExecutor.java:158)\r\n\tat org.openqa.selenium.remote.RemoteWebDriver.execute(RemoteWebDriver.java:543)\r\n\tat org.openqa.selenium.remote.ElementLocation$ElementFinder$2.findElement(ElementLocation.java:162)\r\n\tat org.openqa.selenium.remote.ElementLocation.findElement(ElementLocation.java:66)\r\n\tat org.openqa.selenium.remote.RemoteWebDriver.findElement(RemoteWebDriver.java:352)\r\n\tat org.openqa.selenium.remote.RemoteWebDriver.findElement(RemoteWebDriver.java:344)\r\n\tat pro.edusoft.cucumber.steps.Steps.i_should_be_taken_to_overview_page(Steps.java:48)\r\n\tat ✽.I should be taken to Overview page(file:///C:/Users/abala/eclipse-workspace/cucumber/src/test/resources/LoginPass.feature:15)\r\n","duration":25583600,"status":"failed"},"line":15,"name":"I should be taken to Overview page","match":{"location":"pro.edusoft.cucumber.steps.Steps.i_should_be_taken_to_overview_page()"},"keyword":"Then "}]}],"name":"Login Functionality","description":"  In order to do Internet Banking\n  As a valid Para Bank customer\n  I want to login\tsuccessfuly","id":"login-functionality","keyword":"Feature","uri":"file:src/test/resources/LoginPass.feature","tags":[]}]